GET / HTTP/1.1
Host: test-domain1

HTTP/1.1 200 OK
Date: Sun, 25 Aug 2024 21:21:15 GMT
Server: Apache
Last-Modified: Sun, 25 Aug 2024 20:12:37 GMT
ETag: "40000000adfd7-2f-62087a1394f83"
Accept-Ranges: bytes
Content-Length: 47
Content-Type: text/html; charset=UTF-8

<html><body><h1>test-domain1</h1></body></html>
Get 










GET /note HTTP/1.1
HOST: test-domain1

HTTP/1.1 404 Not Found
Date: Sun, 25 Aug 2024 21:21:57 GMT
Server: Apache
Content-Length: 202
Content-Type: text/html; charset=iso-8859-1

<!DOCTYPE HTML PUBLIC "-//IETF//DTD HTML 2.0//EN">
                                                  <html><head>
                                                              <title>404 Not Found</title>
             </head><body>
                          <h1>Not Found</h1>
                                            <p>The requested URL /note was not found on this server.</p>
                           </body></html>






GET /header.html HTTP/1.1
Host: test-domain1

HTTP/1.1 200 OK
Date: Sun, 25 Aug 2024 21:22:39 GMT
Server: Apache
Last-Modified: Sun, 25 Aug 2024 21:05:43 GMT
ETag: "e300000000af36-d7-620885f1ea3b1"
Accept-Ranges: bytes
Content-Length: 215
Content-Type: text/html; charset=UTF-8

<header>
<div class="wrapper" style='width:100%; height:100px; display:flex;justify-content:center; border-bottom:1px solid gray'>
<p style='font-size:12px'>Стартова сторінка</p>
</div>
</header>






GET /content.html HTTP/1.1
Host: test-domain1

HTTP/1.1 200 OK
Date: Sun, 25 Aug 2024 21:23:15 GMT
Server: Apache
Last-Modified: Sun, 25 Aug 2024 21:03:14 GMT
ETag: "2500000002727c-a9-620885632b0ee"
Accept-Ranges: bytes
Content-Length: 169
Content-Type: text/html; charset=UTF-8

<main>
<div class="wrapper" style='width:100%; height:300px; display:flex;justify-content:center'>
<p style='font-size:24px'>Привіт світ</p>
</div>
</main>






GET /content.html HTTP/1.1
Host: test-domain1
Range: bytes=0-14

HTTP/1.1 206 Partial Content
Date: Sun, 25 Aug 2024 21:23:53 GMT
Server: Apache
Last-Modified: Sun, 25 Aug 2024 21:03:14 GMT
ETag: "2500000002727c-a9-620885632b0ee"
Accept-Ranges: bytes
Content-Length: 15
Content-Range: bytes 0-14/169
Content-Type: text/html; charset=UTF-8

<main>
<div cl








GET /content.html HTTP/1.1
Host: test=domain1
Range: bytes=-7

HTTP/1.1 206 Partial Content
Date: Sun, 25 Aug 2024 21:24:40 GMT
Server: Apache
Last-Modified: Sun, 25 Aug 2024 21:03:14 GMT
ETag: "2500000002727c-a9-620885632b0ee"
Accept-Ranges: bytes
Content-Length: 7
Content-Range: bytes 162-168/169
Content-Type: text/html; charset=UTF-8

</main>









PUT /content.html HTTP/1.1
Host: test-domain1
Content-Lenght:20

HTTP/1.1 405 Method Not Allowed
Date: Sun, 25 Aug 2024 21:25:27 GMT
Server: Apache
Allow: GET,HEAD,POST,OPTIONS,TRACE
Content-Length: 233
Content-Type: text/html; charset=iso-8859-1

<!DOCTYPE HTML PUBLIC "-//IETF//DTD HTML 2.0//EN">
                                                  <html><head>
                                                              <title>405 Method Not Allowed</title>
                      </head><body>
                                   <h1>Method Not Allowed</h1>
                                                              <p>The requested method PUT is not allowed for the URL /content.html.</p>
                                                          </body></html>




DELETE /content.html HTTP/1.1
Host: test-domain1

HTTP/1.1 405 Method Not Allowed
Date: Sun, 25 Aug 2024 21:26:17 GMT
Server: Apache
Allow: GET,HEAD,POST,OPTIONS,TRACE
Content-Length: 236
Content-Type: text/html; charset=iso-8859-1

<!DOCTYPE HTML PUBLIC "-//IETF//DTD HTML 2.0//EN">
                                                  <html><head>
                                                              <title>405 Method Not Allowed</title>
                      </head><body>
                                   <h1>Method Not Allowed</h1>
                                                              <p>The requested method DELETE is not allowed for the URL /content.html.</p>
                                                             </body></html>





OPTIONS / HTTP/1.1
Host: test-domain1

HTTP/1.1 200 OK
Date: Sun, 25 Aug 2024 21:26:50 GMT
Server: Apache
Allow: GET,HEAD,POST,OPTIONS,TRACE
Content-Length: 0
Content-Type: text/html; charset=UTF-8















TRACE / HTTP/1.1
Host:test-domain1

HTTP/1.1 200 OK
Date: Sun, 25 Aug 2024 21:27:34 GMT
Server: Apache
Transfer-Encoding: chunked
Content-Type: message/http

28
TRACE / HTTP/1.1
Host: test-domain1


0









TRACE / HTTP/1.1
Host: test-domain1

HTTP/1.1 200 OK
Date: Sun, 25 Aug 2024 21:28:06 GMT
Server: Apache
Transfer-Encoding: chunked
Content-Type: message/http

28
TRACE / HTTP/1.1
Host: test-domain1


0









    